<?xml version='1.0' encoding='utf-8'?>
<testsuites name="cocotb tests"><testsuite name="test_axi_lite" errors="0" failures="0" skipped="0" tests="4" time="0.004" timestamp="2026-09-18T05:03:28.085531+00:00" hostname="DESKTOP-EIUBCI0"><testcase classname="test_axi_lite" name="test_axi_lite_basic" time="0.002"><properties><property name="cocotb" value="True" /><property name="random_seed" value="1789707806" /><property name="file" value="/home/bignixon/projects/open-axi-interconnect/verification/cocotb/test_axi_lite.py" /><property name="line" value="74" /><property name="sim_time_unit" value="ns" /><property name="sim_time_start" value="0.0" /><property name="sim_time_stop" value="140.0" /><property name="sim_time_duration" value="140.0" /><property name="sim_time_ratio" value="80886.84335074398" /></properties></testcase><testcase classname="test_axi_lite" name="test_uart" time="0.001"><properties><property name="cocotb" value="True" /><property name="random_seed" value="1789707806" /><property name="file" value="/home/bignixon/projects/open-axi-interconnect/verification/cocotb/test_axi_lite.py" /><property name="line" value="95" /><property name="sim_time_unit" value="ns" /><property name="sim_time_start" value="140.001" /><property name="sim_time_stop" value="290.001" /><property name="sim_time_duration" value="149.99999999999997" /><property name="sim_time_ratio" value="179428.41278580038" /></properties></testcase><testcase classname="test_axi_lite" name="test_timer" time="0.001"><properties><property name="cocotb" value="True" /><property name="random_seed" value="1789707806" /><property name="file" value="/home/bignixon/projects/open-axi-interconnect/verification/cocotb/test_axi_lite.py" /><property name="line" value="119" /><property name="sim_time_unit" value="ns" /><property name="sim_time_start" value="290.002" /><property name="sim_time_stop" value="600.002" /><property name="sim_time_duration" value="309.99999999999994" /><property name="sim_time_ratio" value="299172.3543180817" /></properties></testcase><testcase classname="test_axi_lite" name="test_gpio" time="0.001"><properties><property name="cocotb" value="True" /><property name="random_seed" value="1789707806" /><property name="file" value="/home/bignixon/projects/open-axi-interconnect/verification/cocotb/test_axi_lite.py" /><property name="line" value="145" /><property name="sim_time_unit" value="ns" /><property name="sim_time_start" value="600.003" /><property name="sim_time_stop" value="750.003" /><property name="sim_time_duration" value="150.0" /><property name="sim_time_ratio" value="167810.5754501228" /></properties></testcase></testsuite></testsuites>